<?xml version="1.0" encoding="UTF-8"?>
<testsuite xmlns:xsi="http://www.w3.org/2001/XMLSchema-instance" xsi:noNamespaceSchemaLocation="https://maven.apache.org/surefire/maven-surefire-plugin/xsd/surefire-test-report.xsd" version="3.0.2" name="com.hgc.studyadvanceduserbbs.StudyAdvancedUserBbsApplicationTests" time="1.65" tests="1" errors="0" skipped="0" failures="0">
  <properties>
[...]
</properties>
  <testcase name="contextLoads" classname="com.hgc.studyadvanceduserbbs.StudyAdvancedUserBbsApplicationTests" time="0.408">
    <system-out><![CDATA[21:28:06.140 [main] INFO org.springframework.test.context.support.AnnotationConfigContextLoaderUtils -- Could not detect default configuration classes for test class [com.hgc.studyadvanceduserbbs.StudyAdvancedUserBbsApplicationTests]: StudyAdvancedUserBbsApplicationTests does not declare any static, non-private, non-final, nested classes annotated with @Configuration.
21:28:06.201 [main] INFO org.springframework.boot.test.context.SpringBootTestContextBootstrapper -- Found @SpringBootConfiguration com.hgc.studyadvanceduserbbs.StudyAdvancedUserBbsApplication for test class com.hgc.studyadvanceduserbbs.StudyAdvancedUserBbsApplicationTests
21:28:06.271 [main] INFO org.springframework.boot.devtools.restart.RestartApplicationListener -- Restart disabled due to context in which it is running

  .   ____          _            __ _ _
 /\\ / ___'_ __ _ _(_)_ __  __ _ \ \ \ \
( ( )\___ | '_ | '_| | '_ \/ _` | \ \ \ \
 \\/  ___)| |_)| | | | | || (_| |  ) ) ) )
  '  |____| .__|_| |_|_| |_\__, | / / / /
 =========|_|==============|___/=/_/_/_/

 :: Spring Boot ::                (v3.4.5)

2025-06-20T21:28:06.375+09:00  WARN 62039 --- [study-advanced-user-bbs] [           main] ory$DuplicateJsonObjectContextCustomizer : 

Found multiple occurrences of org.json.JSONObject on the class path:

	jar:file:/Users/chunghyeongyu/.m2/repository/com/vaadin/external/google/android-json/0.0.20131108.vaadin1/android-json-0.0.20131108.vaadin1.jar!/org/json/JSONObject.class
	jar:file:/Users/chunghyeongyu/.m2/repository/org/json/json/20250107/json-20250107.jar!/org/json/JSONObject.class

You may wish to exclude one of them to ensure predictable runtime behavior

2025-06-20T21:28:06.383+09:00  INFO 62039 --- [study-advanced-user-bbs] [           main] h.s.StudyAdvancedUserBbsApplicationTests : Starting StudyAdvancedUserBbsApplicationTests using Java 17.0.14 with PID 62039 (started by chunghyeongyu in /Users/chunghyeongyu/Desktop/국비교육/Spring/study-advanced-user-bbs)
2025-06-20T21:28:06.384+09:00  INFO 62039 --- [study-advanced-user-bbs] [           main] h.s.StudyAdvancedUserBbsApplicationTests : No active profile set, falling back to 1 default profile: "default"
2025-06-20T21:28:06.675+09:00  INFO 62039 --- [study-advanced-user-bbs] [           main] .s.d.r.c.RepositoryConfigurationDelegate : Bootstrapping Spring Data JDBC repositories in DEFAULT mode.
2025-06-20T21:28:06.684+09:00  INFO 62039 --- [study-advanced-user-bbs] [           main] .s.d.r.c.RepositoryConfigurationDelegate : Finished Spring Data repository scanning in 6 ms. Found 0 JDBC repository interfaces.
2025-06-20T21:28:07.176+09:00  INFO 62039 --- [study-advanced-user-bbs] [           main] com.zaxxer.hikari.HikariDataSource       : HikariPool-1 - Starting...
2025-06-20T21:28:07.233+09:00  INFO 62039 --- [study-advanced-user-bbs] [           main] com.zaxxer.hikari.pool.HikariPool        : HikariPool-1 - Added connection org.mariadb.jdbc.Connection@26c7b1c6
2025-06-20T21:28:07.233+09:00  INFO 62039 --- [study-advanced-user-bbs] [           main] com.zaxxer.hikari.HikariDataSource       : HikariPool-1 - Start completed.
2025-06-20T21:28:07.303+09:00  INFO 62039 --- [study-advanced-user-bbs] [           main] h.s.StudyAdvancedUserBbsApplicationTests : Started StudyAdvancedUserBbsApplicationTests in 1.036 seconds (process running for 1.5)
]]></system-out>
  </testcase>
</testsuite>